#
# A fatal error has been detected by the Java Runtime Environment:
#
#  Internal Error (generateOopMap.cpp:2164), pid=21036, tid=7476
#  fatal error: Illegal class file encountered. Try running with -Xverify:all in method <init>
#
# JRE version: Java(TM) SE Runtime Environment (16.0.1+9) (build 16.0.1+9-24)
# Java VM: Java HotSpot(TM) 64-Bit Server VM (16.0.1+9-24, mixed mode, sharing, tiered, compressed oops, compressed class ptrs, g1 gc, windows-amd64)
# No core dump will be written. Minidumps are not enabled by default on client versions of Windows
#
# If you would like to submit a bug report, please visit:
#   https://bugreport.java.com/bugreport/crash.jsp
#

---------------  S U M M A R Y ------------

Command Line: -XX:+ShowCodeDetailsInExceptionMessages -agentlib:jdwp=transport=dt_socket,suspend=y,address=localhost:62122 -javaagent:C:\Users\bryce\eclipse\java-2021-03\eclipse\configuration\org.eclipse.osgi\222\0\.cp\lib\javaagent-shaded.jar -Dfile.encoding=Cp1252 Test21

Host: AMD Ryzen 5 3600X 6-Core Processor             , 12 cores, 15G,  Windows 10 , 64 bit Build 19041 (10.0.19041.1348)
Time: Tue Nov 16 22:13:55 2021 US Mountain Standard Time elapsed time: 295.446470 seconds (0d 0h 4m 55s)

---------------  T H R E A D  ---------------

Current thread (0x000001ccd04328b0):  VMThread "VM Thread" [stack: 0x0000009bf2b00000,0x0000009bf2c00000] [id=7476]

Stack: [0x0000009bf2b00000,0x0000009bf2c00000]
Native frames: (J=compiled Java code, j=interpreted, Vv=VM code, C=native code)
V  [jvm.dll+0x6687ca]
V  [jvm.dll+0x7ca3c9]
V  [jvm.dll+0x7cbb53]
V  [jvm.dll+0x7cc167]
V  [jvm.dll+0x242c03]
V  [jvm.dll+0x3312e9]
V  [jvm.dll+0x330b61]
V  [jvm.dll+0x33007e]
V  [jvm.dll+0x32fe5a]
V  [jvm.dll+0x32d39f]
V  [jvm.dll+0x32c627]
V  [jvm.dll+0x6572ce]
V  [jvm.dll+0x656fd3]
V  [jvm.dll+0x61c848]
V  [jvm.dll+0x7c1e55]
V  [jvm.dll+0x520b76]
V  [jvm.dll+0x7d05eb]
V  [jvm.dll+0x7d12e4]
V  [jvm.dll+0x7d17e9]
V  [jvm.dll+0x7d1aa4]
V  [jvm.dll+0x7d1b70]
V  [jvm.dll+0x779b4a]
V  [jvm.dll+0x667666]
C  [ucrtbase.dll+0x21bb2]
C  [KERNEL32.DLL+0x17034]
C  [ntdll.dll+0x52651]

VM_Operation (0x0000009bf36ff220): get/set locals, mode: safepoint, requested by thread 0x000001ccd1244b10


---------------  P R O C E S S  ---------------

Threads class SMR info:
_java_thread_list=0x000001ccd12d38b0, length=15, elements={
0x000001ccad36b800, 0x000001ccd04354f0, 0x000001ccd04363b0, 0x000001ccd0447060,
0x000001ccd0447c60, 0x000001ccd044a670, 0x000001ccd044b070, 0x000001ccd0457360,
0x000001ccd045c480, 0x000001ccd04676f0, 0x000001ccd10e9c20, 0x000001ccd1244b10,
0x000001ccd1246a10, 0x000001ccd1246f50, 0x000001ccd12f2030
}

Java Threads: ( => current thread )
  0x000001ccad36b800 JavaThread "main" [_thread_blocked, id=20864, stack(0x0000009bf2500000,0x0000009bf2600000)]
  0x000001ccd04354f0 JavaThread "Reference Handler" daemon [_thread_blocked, id=4532, stack(0x0000009bf2c00000,0x0000009bf2d00000)]
  0x000001ccd04363b0 JavaThread "Finalizer" daemon [_thread_blocked, id=11628, stack(0x0000009bf2d00000,0x0000009bf2e00000)]
  0x000001ccd0447060 JavaThread "Signal Dispatcher" daemon [_thread_blocked, id=3056, stack(0x0000009bf2e00000,0x0000009bf2f00000)]
  0x000001ccd0447c60 JavaThread "Attach Listener" daemon [_thread_blocked, id=9288, stack(0x0000009bf2f00000,0x0000009bf3000000)]
  0x000001ccd044a670 JavaThread "Service Thread" daemon [_thread_blocked, id=2980, stack(0x0000009bf3000000,0x0000009bf3100000)]
  0x000001ccd044b070 JavaThread "Monitor Deflation Thread" daemon [_thread_blocked, id=20084, stack(0x0000009bf3100000,0x0000009bf3200000)]
  0x000001ccd0457360 JavaThread "C2 CompilerThread0" daemon [_thread_blocked, id=744, stack(0x0000009bf3200000,0x0000009bf3300000)]
  0x000001ccd045c480 JavaThread "C1 CompilerThread0" daemon [_thread_blocked, id=4504, stack(0x0000009bf3300000,0x0000009bf3400000)]
  0x000001ccd04676f0 JavaThread "Sweeper thread" daemon [_thread_blocked, id=14216, stack(0x0000009bf3400000,0x0000009bf3500000)]
  0x000001ccd10e9c20 JavaThread "Common-Cleaner" daemon [_thread_blocked, id=11016, stack(0x0000009bf3500000,0x0000009bf3600000)]
  0x000001ccd1244b10 JavaThread "JDWP Transport Listener: dt_socket" daemon [_thread_blocked, id=9668, stack(0x0000009bf3600000,0x0000009bf3700000)]
  0x000001ccd1246a10 JavaThread "JDWP Event Helper Thread" daemon [_thread_blocked, id=16140, stack(0x0000009bf3700000,0x0000009bf3800000)]
  0x000001ccd1246f50 JavaThread "JDWP Command Reader" daemon [_thread_in_native, id=13544, stack(0x0000009bf3800000,0x0000009bf3900000)]
  0x000001ccd12f2030 JavaThread "Notification Thread" daemon [_thread_blocked, id=8868, stack(0x0000009bf3900000,0x0000009bf3a00000)]

Other Threads:
=>0x000001ccd04328b0 VMThread "VM Thread" [stack: 0x0000009bf2b00000,0x0000009bf2c00000] [id=7476]
  0x000001ccad36c690 WatcherThread [stack: 0x0000009bf3a00000,0x0000009bf3b00000] [id=20640]
  0x000001ccad3bae50 GCTaskThread "GC Thread#0" [stack: 0x0000009bf2600000,0x0000009bf2700000] [id=14500]
  0x000001ccad3cc670 ConcurrentGCThread "G1 Main Marker" [stack: 0x0000009bf2700000,0x0000009bf2800000] [id=5132]
  0x000001ccad3cf100 ConcurrentGCThread "G1 Conc#0" [stack: 0x0000009bf2800000,0x0000009bf2900000] [id=11020]
  0x000001ccd02e24c0 ConcurrentGCThread "G1 Refine#0" [stack: 0x0000009bf2900000,0x0000009bf2a00000] [id=13112]
  0x000001ccd02e2f40 ConcurrentGCThread "G1 Service" [stack: 0x0000009bf2a00000,0x0000009bf2b00000] [id=15656]

Threads with active compile tasks:

VM state: at safepoint (normal execution)

VM Mutex/Monitor currently owned by a thread:  ([mutex/lock_event])
[0x000001ccad366950] Threads_lock - owner thread: 0x000001ccd04328b0

Heap address: 0x0000000700c00000, size: 4084 MB, Compressed Oops mode: Zero based, Oop shift amount: 3

CDS archive(s) mapped at: [0x0000000800000000-0x0000000800bb0000-0x0000000800bb0000), size 12255232, SharedBaseAddress: 0x0000000800000000, ArchiveRelocationMode: 0.
Compressed class space mapped at: 0x0000000800c00000-0x0000000840c00000, reserved size: 1073741824
Narrow klass base: 0x0000000800000000, Narrow klass shift: 3, Narrow klass range: 0x100000000

GC Precious Log:
 CPUs: 12 total, 12 available
 Memory: 16334M
 Large Page Support: Disabled
 NUMA Support: Disabled
 Compressed Oops: Enabled (Zero based)
 Heap Region Size: 2M
 Heap Min Capacity: 8M
 Heap Initial Capacity: 256M
 Heap Max Capacity: 4084M
 Pre-touch: Disabled
 Parallel Workers: 10
 Concurrent Workers: 3
 Concurrent Refinement Workers: 10
 Periodic GC: Disabled

Heap:
 garbage-first heap   total 262144K, used 4096K [0x0000000700c00000, 0x0000000800000000)
  region size 2048K, 3 young (6144K), 0 survivors (0K)
 Metaspace       used 2685K, committed 2816K, reserved 1056768K
  class space    used 232K, committed 320K, reserved 1048576K

Heap Regions: E=young(eden), S=young(survivor), O=old, HS=humongous(starts), HC=humongous(continues), CS=collection set, F=free, OA=open archive, CA=closed archive, TAMS=top-at-mark-start (previous, next)
|   0|0x0000000700c00000, 0x0000000700c00000, 0x0000000700e00000|  0%| F|  |TAMS 0x0000000700c00000, 0x0000000700c00000| Untracked 
|   1|0x0000000700e00000, 0x0000000700e00000, 0x0000000701000000|  0%| F|  |TAMS 0x0000000700e00000, 0x0000000700e00000| Untracked 
|   2|0x0000000701000000, 0x0000000701000000, 0x0000000701200000|  0%| F|  |TAMS 0x0000000701000000, 0x0000000701000000| Untracked 
|   3|0x0000000701200000, 0x0000000701200000, 0x0000000701400000|  0%| F|  |TAMS 0x0000000701200000, 0x0000000701200000| Untracked 
|   4|0x0000000701400000, 0x0000000701400000, 0x0000000701600000|  0%| F|  |TAMS 0x0000000701400000, 0x0000000701400000| Untracked 
|   5|0x0000000701600000, 0x0000000701600000, 0x0000000701800000|  0%| F|  |TAMS 0x0000000701600000, 0x0000000701600000| Untracked 
|   6|0x0000000701800000, 0x0000000701800000, 0x0000000701a00000|  0%| F|  |TAMS 0x0000000701800000, 0x0000000701800000| Untracked 
|   7|0x0000000701a00000, 0x0000000701a00000, 0x0000000701c00000|  0%| F|  |TAMS 0x0000000701a00000, 0x0000000701a00000| Untracked 
|   8|0x0000000701c00000, 0x0000000701c00000, 0x0000000701e00000|  0%| F|  |TAMS 0x0000000701c00000, 0x0000000701c00000| Untracked 
|   9|0x0000000701e00000, 0x0000000701e00000, 0x0000000702000000|  0%| F|  |TAMS 0x0000000701e00000, 0x0000000701e00000| Untracked 
|  10|0x0000000702000000, 0x0000000702000000, 0x0000000702200000|  0%| F|  |TAMS 0x0000000702000000, 0x0000000702000000| Untracked 
|  11|0x0000000702200000, 0x0000000702200000, 0x0000000702400000|  0%| F|  |TAMS 0x0000000702200000, 0x0000000702200000| Untracked 
|  12|0x0000000702400000, 0x0000000702400000, 0x0000000702600000|  0%| F|  |TAMS 0x0000000702400000, 0x0000000702400000| Untracked 
|  13|0x0000000702600000, 0x0000000702600000, 0x0000000702800000|  0%| F|  |TAMS 0x0000000702600000, 0x0000000702600000| Untracked 
|  14|0x0000000702800000, 0x0000000702800000, 0x0000000702a00000|  0%| F|  |TAMS 0x0000000702800000, 0x0000000702800000| Untracked 
|  15|0x0000000702a00000, 0x0000000702a00000, 0x0000000702c00000|  0%| F|  |TAMS 0x0000000702a00000, 0x0000000702a00000| Untracked 
|  16|0x0000000702c00000, 0x0000000702c00000, 0x0000000702e00000|  0%| F|  |TAMS 0x0000000702c00000, 0x0000000702c00000| Untracked 
|  17|0x0000000702e00000, 0x0000000702e00000, 0x0000000703000000|  0%| F|  |TAMS 0x0000000702e00000, 0x0000000702e00000| Untracked 
|  18|0x0000000703000000, 0x0000000703000000, 0x0000000703200000|  0%| F|  |TAMS 0x0000000703000000, 0x0000000703000000| Untracked 
|  19|0x0000000703200000, 0x0000000703200000, 0x0000000703400000|  0%| F|  |TAMS 0x0000000703200000, 0x0000000703200000| Untracked 
|  20|0x0000000703400000, 0x0000000703400000, 0x0000000703600000|  0%| F|  |TAMS 0x0000000703400000, 0x0000000703400000| Untracked 
|  21|0x0000000703600000, 0x0000000703600000, 0x0000000703800000|  0%| F|  |TAMS 0x0000000703600000, 0x0000000703600000| Untracked 
|  22|0x0000000703800000, 0x0000000703800000, 0x0000000703a00000|  0%| F|  |TAMS 0x0000000703800000, 0x0000000703800000| Untracked 
|  23|0x0000000703a00000, 0x0000000703a00000, 0x0000000703c00000|  0%| F|  |TAMS 0x0000000703a00000, 0x0000000703a00000| Untracked 
|  24|0x0000000703c00000, 0x0000000703c00000, 0x0000000703e00000|  0%| F|  |TAMS 0x0000000703c00000, 0x0000000703c00000| Untracked 
|  25|0x0000000703e00000, 0x0000000703e00000, 0x0000000704000000|  0%| F|  |TAMS 0x0000000703e00000, 0x0000000703e00000| Untracked 
|  26|0x0000000704000000, 0x0000000704000000, 0x0000000704200000|  0%| F|  |TAMS 0x0000000704000000, 0x0000000704000000| Untracked 
|  27|0x0000000704200000, 0x0000000704200000, 0x0000000704400000|  0%| F|  |TAMS 0x0000000704200000, 0x0000000704200000| Untracked 
|  28|0x0000000704400000, 0x0000000704400000, 0x0000000704600000|  0%| F|  |TAMS 0x0000000704400000, 0x0000000704400000| Untracked 
|  29|0x0000000704600000, 0x0000000704600000, 0x0000000704800000|  0%| F|  |TAMS 0x0000000704600000, 0x0000000704600000| Untracked 
|  30|0x0000000704800000, 0x0000000704800000, 0x0000000704a00000|  0%| F|  |TAMS 0x0000000704800000, 0x0000000704800000| Untracked 
|  31|0x0000000704a00000, 0x0000000704a00000, 0x0000000704c00000|  0%| F|  |TAMS 0x0000000704a00000, 0x0000000704a00000| Untracked 
|  32|0x0000000704c00000, 0x0000000704c00000, 0x0000000704e00000|  0%| F|  |TAMS 0x0000000704c00000, 0x0000000704c00000| Untracked 
|  33|0x0000000704e00000, 0x0000000704e00000, 0x0000000705000000|  0%| F|  |TAMS 0x0000000704e00000, 0x0000000704e00000| Untracked 
|  34|0x0000000705000000, 0x0000000705000000, 0x0000000705200000|  0%| F|  |TAMS 0x0000000705000000, 0x0000000705000000| Untracked 
|  35|0x0000000705200000, 0x0000000705200000, 0x0000000705400000|  0%| F|  |TAMS 0x0000000705200000, 0x0000000705200000| Untracked 
|  36|0x0000000705400000, 0x0000000705400000, 0x0000000705600000|  0%| F|  |TAMS 0x0000000705400000, 0x0000000705400000| Untracked 
|  37|0x0000000705600000, 0x0000000705600000, 0x0000000705800000|  0%| F|  |TAMS 0x0000000705600000, 0x0000000705600000| Untracked 
|  38|0x0000000705800000, 0x0000000705800000, 0x0000000705a00000|  0%| F|  |TAMS 0x0000000705800000, 0x0000000705800000| Untracked 
|  39|0x0000000705a00000, 0x0000000705a00000, 0x0000000705c00000|  0%| F|  |TAMS 0x0000000705a00000, 0x0000000705a00000| Untracked 
|  40|0x0000000705c00000, 0x0000000705c00000, 0x0000000705e00000|  0%| F|  |TAMS 0x0000000705c00000, 0x0000000705c00000| Untracked 
|  41|0x0000000705e00000, 0x0000000705e00000, 0x0000000706000000|  0%| F|  |TAMS 0x0000000705e00000, 0x0000000705e00000| Untracked 
|  42|0x0000000706000000, 0x0000000706000000, 0x0000000706200000|  0%| F|  |TAMS 0x0000000706000000, 0x0000000706000000| Untracked 
|  43|0x0000000706200000, 0x0000000706200000, 0x0000000706400000|  0%| F|  |TAMS 0x0000000706200000, 0x0000000706200000| Untracked 
|  44|0x0000000706400000, 0x0000000706400000, 0x0000000706600000|  0%| F|  |TAMS 0x0000000706400000, 0x0000000706400000| Untracked 
|  45|0x0000000706600000, 0x0000000706600000, 0x0000000706800000|  0%| F|  |TAMS 0x0000000706600000, 0x0000000706600000| Untracked 
|  46|0x0000000706800000, 0x0000000706800000, 0x0000000706a00000|  0%| F|  |TAMS 0x0000000706800000, 0x0000000706800000| Untracked 
|  47|0x0000000706a00000, 0x0000000706a00000, 0x0000000706c00000|  0%| F|  |TAMS 0x0000000706a00000, 0x0000000706a00000| Untracked 
|  48|0x0000000706c00000, 0x0000000706c00000, 0x0000000706e00000|  0%| F|  |TAMS 0x0000000706c00000, 0x0000000706c00000| Untracked 
|  49|0x0000000706e00000, 0x0000000706e00000, 0x0000000707000000|  0%| F|  |TAMS 0x0000000706e00000, 0x0000000706e00000| Untracked 
|  50|0x0000000707000000, 0x0000000707000000, 0x0000000707200000|  0%| F|  |TAMS 0x0000000707000000, 0x0000000707000000| Untracked 
|  51|0x0000000707200000, 0x0000000707200000, 0x0000000707400000|  0%| F|  |TAMS 0x0000000707200000, 0x0000000707200000| Untracked 
|  52|0x0000000707400000, 0x0000000707400000, 0x0000000707600000|  0%| F|  |TAMS 0x0000000707400000, 0x0000000707400000| Untracked 
|  53|0x0000000707600000, 0x0000000707600000, 0x0000000707800000|  0%| F|  |TAMS 0x0000000707600000, 0x0000000707600000| Untracked 
|  54|0x0000000707800000, 0x0000000707800000, 0x0000000707a00000|  0%| F|  |TAMS 0x0000000707800000, 0x0000000707800000| Untracked 
|  55|0x0000000707a00000, 0x0000000707a00000, 0x0000000707c00000|  0%| F|  |TAMS 0x0000000707a00000, 0x0000000707a00000| Untracked 
|  56|0x0000000707c00000, 0x0000000707c00000, 0x0000000707e00000|  0%| F|  |TAMS 0x0000000707c00000, 0x0000000707c00000| Untracked 
|  57|0x0000000707e00000, 0x0000000707e00000, 0x0000000708000000|  0%| F|  |TAMS 0x0000000707e00000, 0x0000000707e00000| Untracked 
|  58|0x0000000708000000, 0x0000000708000000, 0x0000000708200000|  0%| F|  |TAMS 0x0000000708000000, 0x0000000708000000| Untracked 
|  59|0x0000000708200000, 0x0000000708200000, 0x0000000708400000|  0%| F|  |TAMS 0x0000000708200000, 0x0000000708200000| Untracked 
|  60|0x0000000708400000, 0x0000000708400000, 0x0000000708600000|  0%| F|  |TAMS 0x0000000708400000, 0x0000000708400000| Untracked 
|  61|0x0000000708600000, 0x0000000708600000, 0x0000000708800000|  0%| F|  |TAMS 0x0000000708600000, 0x0000000708600000| Untracked 
|  62|0x0000000708800000, 0x0000000708800000, 0x0000000708a00000|  0%| F|  |TAMS 0x0000000708800000, 0x0000000708800000| Untracked 
|  63|0x0000000708a00000, 0x0000000708a00000, 0x0000000708c00000|  0%| F|  |TAMS 0x0000000708a00000, 0x0000000708a00000| Untracked 
|  64|0x0000000708c00000, 0x0000000708c00000, 0x0000000708e00000|  0%| F|  |TAMS 0x0000000708c00000, 0x0000000708c00000| Untracked 
|  65|0x0000000708e00000, 0x0000000708e00000, 0x0000000709000000|  0%| F|  |TAMS 0x0000000708e00000, 0x0000000708e00000| Untracked 
|  66|0x0000000709000000, 0x0000000709000000, 0x0000000709200000|  0%| F|  |TAMS 0x0000000709000000, 0x0000000709000000| Untracked 
|  67|0x0000000709200000, 0x0000000709200000, 0x0000000709400000|  0%| F|  |TAMS 0x0000000709200000, 0x0000000709200000| Untracked 
|  68|0x0000000709400000, 0x0000000709400000, 0x0000000709600000|  0%| F|  |TAMS 0x0000000709400000, 0x0000000709400000| Untracked 
|  69|0x0000000709600000, 0x0000000709600000, 0x0000000709800000|  0%| F|  |TAMS 0x0000000709600000, 0x0000000709600000| Untracked 
|  70|0x0000000709800000, 0x0000000709800000, 0x0000000709a00000|  0%| F|  |TAMS 0x0000000709800000, 0x0000000709800000| Untracked 
|  71|0x0000000709a00000, 0x0000000709a00000, 0x0000000709c00000|  0%| F|  |TAMS 0x0000000709a00000, 0x0000000709a00000| Untracked 
|  72|0x0000000709c00000, 0x0000000709c00000, 0x0000000709e00000|  0%| F|  |TAMS 0x0000000709c00000, 0x0000000709c00000| Untracked 
|  73|0x0000000709e00000, 0x0000000709e00000, 0x000000070a000000|  0%| F|  |TAMS 0x0000000709e00000, 0x0000000709e00000| Untracked 
|  74|0x000000070a000000, 0x000000070a000000, 0x000000070a200000|  0%| F|  |TAMS 0x000000070a000000, 0x000000070a000000| Untracked 
|  75|0x000000070a200000, 0x000000070a200000, 0x000000070a400000|  0%| F|  |TAMS 0x000000070a200000, 0x000000070a200000| Untracked 
|  76|0x000000070a400000, 0x000000070a400000, 0x000000070a600000|  0%| F|  |TAMS 0x000000070a400000, 0x000000070a400000| Untracked 
|  77|0x000000070a600000, 0x000000070a600000, 0x000000070a800000|  0%| F|  |TAMS 0x000000070a600000, 0x000000070a600000| Untracked 
|  78|0x000000070a800000, 0x000000070a800000, 0x000000070aa00000|  0%| F|  |TAMS 0x000000070a800000, 0x000000070a800000| Untracked 
|  79|0x000000070aa00000, 0x000000070aa00000, 0x000000070ac00000|  0%| F|  |TAMS 0x000000070aa00000, 0x000000070aa00000| Untracked 
|  80|0x000000070ac00000, 0x000000070ac00000, 0x000000070ae00000|  0%| F|  |TAMS 0x000000070ac00000, 0x000000070ac00000| Untracked 
|  81|0x000000070ae00000, 0x000000070ae00000, 0x000000070b000000|  0%| F|  |TAMS 0x000000070ae00000, 0x000000070ae00000| Untracked 
|  82|0x000000070b000000, 0x000000070b000000, 0x000000070b200000|  0%| F|  |TAMS 0x000000070b000000, 0x000000070b000000| Untracked 
|  83|0x000000070b200000, 0x000000070b200000, 0x000000070b400000|  0%| F|  |TAMS 0x000000070b200000, 0x000000070b200000| Untracked 
|  84|0x000000070b400000, 0x000000070b400000, 0x000000070b600000|  0%| F|  |TAMS 0x000000070b400000, 0x000000070b400000| Untracked 
|  85|0x000000070b600000, 0x000000070b600000, 0x000000070b800000|  0%| F|  |TAMS 0x000000070b600000, 0x000000070b600000| Untracked 
|  86|0x000000070b800000, 0x000000070b800000, 0x000000070ba00000|  0%| F|  |TAMS 0x000000070b800000, 0x000000070b800000| Untracked 
|  87|0x000000070ba00000, 0x000000070ba00000, 0x000000070bc00000|  0%| F|  |TAMS 0x000000070ba00000, 0x000000070ba00000| Untracked 
|  88|0x000000070bc00000, 0x000000070bc00000, 0x000000070be00000|  0%| F|  |TAMS 0x000000070bc00000, 0x000000070bc00000| Untracked 
|  89|0x000000070be00000, 0x000000070be00000, 0x000000070c000000|  0%| F|  |TAMS 0x000000070be00000, 0x000000070be00000| Untracked 
|  90|0x000000070c000000, 0x000000070c000000, 0x000000070c200000|  0%| F|  |TAMS 0x000000070c000000, 0x000000070c000000| Untracked 
|  91|0x000000070c200000, 0x000000070c200000, 0x000000070c400000|  0%| F|  |TAMS 0x000000070c200000, 0x000000070c200000| Untracked 
|  92|0x000000070c400000, 0x000000070c400000, 0x000000070c600000|  0%| F|  |TAMS 0x000000070c400000, 0x000000070c400000| Untracked 
|  93|0x000000070c600000, 0x000000070c600000, 0x000000070c800000|  0%| F|  |TAMS 0x000000070c600000, 0x000000070c600000| Untracked 
|  94|0x000000070c800000, 0x000000070c800000, 0x000000070ca00000|  0%| F|  |TAMS 0x000000070c800000, 0x000000070c800000| Untracked 
|  95|0x000000070ca00000, 0x000000070ca00000, 0x000000070cc00000|  0%| F|  |TAMS 0x000000070ca00000, 0x000000070ca00000| Untracked 
|  96|0x000000070cc00000, 0x000000070cc00000, 0x000000070ce00000|  0%| F|  |TAMS 0x000000070cc00000, 0x000000070cc00000| Untracked 
|  97|0x000000070ce00000, 0x000000070ce00000, 0x000000070d000000|  0%| F|  |TAMS 0x000000070ce00000, 0x000000070ce00000| Untracked 
|  98|0x000000070d000000, 0x000000070d000000, 0x000000070d200000|  0%| F|  |TAMS 0x000000070d000000, 0x000000070d000000| Untracked 
|  99|0x000000070d200000, 0x000000070d200000, 0x000000070d400000|  0%| F|  |TAMS 0x000000070d200000, 0x000000070d200000| Untracked 
| 100|0x000000070d400000, 0x000000070d400000, 0x000000070d600000|  0%| F|  |TAMS 0x000000070d400000, 0x000000070d400000| Untracked 
| 101|0x000000070d600000, 0x000000070d600000, 0x000000070d800000|  0%| F|  |TAMS 0x000000070d600000, 0x000000070d600000| Untracked 
| 102|0x000000070d800000, 0x000000070d800000, 0x000000070da00000|  0%| F|  |TAMS 0x000000070d800000, 0x000000070d800000| Untracked 
| 103|0x000000070da00000, 0x000000070da00000, 0x000000070dc00000|  0%| F|  |TAMS 0x000000070da00000, 0x000000070da00000| Untracked 
| 104|0x000000070dc00000, 0x000000070dc00000, 0x000000070de00000|  0%| F|  |TAMS 0x000000070dc00000, 0x000000070dc00000| Untracked 
| 105|0x000000070de00000, 0x000000070de00000, 0x000000070e000000|  0%| F|  |TAMS 0x000000070de00000, 0x000000070de00000| Untracked 
| 106|0x000000070e000000, 0x000000070e000000, 0x000000070e200000|  0%| F|  |TAMS 0x000000070e000000, 0x000000070e000000| Untracked 
| 107|0x000000070e200000, 0x000000070e200000, 0x000000070e400000|  0%| F|  |TAMS 0x000000070e200000, 0x000000070e200000| Untracked 
| 108|0x000000070e400000, 0x000000070e400000, 0x000000070e600000|  0%| F|  |TAMS 0x000000070e400000, 0x000000070e400000| Untracked 
| 109|0x000000070e600000, 0x000000070e600000, 0x000000070e800000|  0%| F|  |TAMS 0x000000070e600000, 0x000000070e600000| Untracked 
| 110|0x000000070e800000, 0x000000070e800000, 0x000000070ea00000|  0%| F|  |TAMS 0x000000070e800000, 0x000000070e800000| Untracked 
| 111|0x000000070ea00000, 0x000000070ea00000, 0x000000070ec00000|  0%| F|  |TAMS 0x000000070ea00000, 0x000000070ea00000| Untracked 
| 112|0x000000070ec00000, 0x000000070ec00000, 0x000000070ee00000|  0%| F|  |TAMS 0x000000070ec00000, 0x000000070ec00000| Untracked 
| 113|0x000000070ee00000, 0x000000070ee00000, 0x000000070f000000|  0%| F|  |TAMS 0x000000070ee00000, 0x000000070ee00000| Untracked 
| 114|0x000000070f000000, 0x000000070f000000, 0x000000070f200000|  0%| F|  |TAMS 0x000000070f000000, 0x000000070f000000| Untracked 
| 115|0x000000070f200000, 0x000000070f200000, 0x000000070f400000|  0%| F|  |TAMS 0x000000070f200000, 0x000000070f200000| Untracked 
| 116|0x000000070f400000, 0x000000070f400000, 0x000000070f600000|  0%| F|  |TAMS 0x000000070f400000, 0x000000070f400000| Untracked 
| 117|0x000000070f600000, 0x000000070f600000, 0x000000070f800000|  0%| F|  |TAMS 0x000000070f600000, 0x000000070f600000| Untracked 
| 118|0x000000070f800000, 0x000000070f800000, 0x000000070fa00000|  0%| F|  |TAMS 0x000000070f800000, 0x000000070f800000| Untracked 
| 119|0x000000070fa00000, 0x000000070fa00000, 0x000000070fc00000|  0%| F|  |TAMS 0x000000070fa00000, 0x000000070fa00000| Untracked 
| 120|0x000000070fc00000, 0x000000070fc00000, 0x000000070fe00000|  0%| F|  |TAMS 0x000000070fc00000, 0x000000070fc00000| Untracked 
| 121|0x000000070fe00000, 0x000000070fe00000, 0x0000000710000000|  0%| F|  |TAMS 0x000000070fe00000, 0x000000070fe00000| Untracked 
| 122|0x0000000710000000, 0x0000000710000000, 0x0000000710200000|  0%| F|  |TAMS 0x0000000710000000, 0x0000000710000000| Untracked 
| 123|0x0000000710200000, 0x0000000710200000, 0x0000000710400000|  0%| F|  |TAMS 0x0000000710200000, 0x0000000710200000| Untracked 
| 124|0x0000000710400000, 0x0000000710400000, 0x0000000710600000|  0%| F|  |TAMS 0x0000000710400000, 0x0000000710400000| Untracked 
| 125|0x0000000710600000, 0x00000007107d3dd0, 0x0000000710800000| 91%| E|  |TAMS 0x0000000710600000, 0x0000000710600000| Complete 
| 126|0x0000000710800000, 0x0000000710a00000, 0x0000000710a00000|100%| E|CS|TAMS 0x0000000710800000, 0x0000000710800000| Complete 
| 127|0x0000000710a00000, 0x0000000710c00000, 0x0000000710c00000|100%| E|CS|TAMS 0x0000000710a00000, 0x0000000710a00000| Complete 

Card table byte_map: [0x000001ccc4840000,0x000001ccc5040000] _byte_map_base: 0x000001ccc103a000

Marking Bits (Prev, Next): (CMBitMap*) 0x000001ccad3bb540, (CMBitMap*) 0x000001ccad3bb580
 Prev Bits: [0x000001ccc5840000, 0x000001ccc9810000)
 Next Bits: [0x000001ccc9810000, 0x000001cccd7e0000)

Polling page: 0x000001ccab000000

Metaspace:

Usage:
  Non-class:      2.40 MB used.
      Class:    232.20 KB used.
       Both:      2.62 MB used.

Virtual space:
  Non-class space:        8.00 MB reserved,       2.44 MB ( 30%) committed,  1 nodes.
      Class space:        1.00 GB reserved,     320.00 KB ( <1%) committed,  1 nodes.
              Both:        1.01 GB reserved,       2.75 MB ( <1%) committed. 

Chunk freelists:
   Non-Class:  3.69 MB
       Class:  3.72 MB
        Both:  7.41 MB

MaxMetaspaceSize: 17179869184.00 GB
CompressedClassSpaceSize: 1.00 GB
 - commit_granule_bytes: 65536.
 - commit_granule_words: 8192.
 - virtual_space_node_default_size: 1048576.
 - enlarge_chunks_in_place: 1.
 - new_chunks_are_fully_committed: 0.
 - uncommit_free_chunks: 1.
 - use_allocation_guard: 0.
 - handle_deallocations: 1.


Internal statistics:

num_allocs_failed_limit: 0.
num_arena_births: 10.
num_arena_deaths: 0.
num_vsnodes_births: 2.
num_vsnodes_deaths: 0.
num_space_committed: 44.
num_space_uncommitted: 0.
num_chunks_returned_to_freelist: 0.
num_chunks_taken_from_freelist: 36.
num_chunk_merges: 0.
num_chunk_splits: 18.
num_chunks_enlarged: 11.
num_purges: 0.

CodeHeap 'non-profiled nmethods': size=120000Kb used=134Kb max_used=134Kb free=119865Kb
 bounds [0x000001ccbc5c0000, 0x000001ccbc830000, 0x000001ccc3af0000]
CodeHeap 'profiled nmethods': size=120000Kb used=550Kb max_used=550Kb free=119449Kb
 bounds [0x000001ccb5090000, 0x000001ccb5300000, 0x000001ccbc5c0000]
CodeHeap 'non-nmethods': size=5760Kb used=1212Kb max_used=1228Kb free=4548Kb
 bounds [0x000001ccb4af0000, 0x000001ccb4d60000, 0x000001ccb5090000]
 total_blobs=824 nmethods=403 adapters=334
 compilation: enabled
              stopped_count=0, restarted_count=0
 full_count=0

Compilation events (20 events):
Event: 200.479 Thread 0x000001ccd045c480  399       3       org.eclipse.jdt.launching.internal.org.objectweb.asm.SymbolTable::addConstantNameAndType (28 bytes)
Event: 200.480 Thread 0x000001ccd045c480 

Event: 200.481 Thread 0x000001ccd045c480  400       3       org.eclipse.jdt.launching.internal.org.objectweb.asm.SymbolTable::hash (15 bytes)
Event: 200.481 Thread 0x000001ccd045c480 nmethod 400 0x000001ccb5117b90 code [0x000001ccb5117d40, 0x000001ccb5117ed8]
Event: 200.481 Thread 0x000001ccd045c480  401       3       org.eclipse.jdt.launching.internal.org.objectweb.asm.ClassReader::readInt (52 bytes)
Event: 200.481 Thread 0x000001ccd045c480 nmethod 401 0x000001ccb5118010 code [0x000001ccb51181c0, 0x000001ccb5118398]
Event: 218.649 Thread 0x000001ccd045c480  402       3       org.eclipse.jdt.launching.internal.org.objectweb.asm.SymbolTable::addConstantUtf8Reference (20 bytes)
Event: 218.649 Thread 0x000001ccd045c480 nmethod 402 0x000001ccb5118510 code [0x000001ccb51186e0, 0x000001ccb51189a8]
Event: 268.599 Thread 0x000001ccd0457360  403       4       org.eclipse.jdt.launching.internal.org.objectweb.asm.ClassReader::readUtf (161 bytes)
Event: 268.599 Thread 0x000001ccd045c480  404       3       org.eclipse.jdt.launching.internal.org.objectweb.asm.ClassReader::readClass (7 bytes)
Event: 268.600 Thread 0x000001ccd045c480 nmethod 404 0x000001ccb5118b90 code [0x000001ccb5118d80, 0x000001ccb5119128]
Event: 268.600 Thread 0x000001ccd045c480  406       3       org.eclipse.jdt.launching.internal.org.objectweb.asm.SymbolTable::addConstantUtf8 (98 bytes)
Event: 268.601 Thread 0x000001ccd045c480 

Event: 268.601 Thread 0x000001ccd045c480  405       3       org.eclipse.jdt.launching.internal.org.objectweb.asm.ClassReader::readStringish (16 bytes)
Event: 268.601 Thread 0x000001ccd045c480 nmethod 405 0x000001ccb5119310 code [0x000001ccb51194e0, 0x000001ccb5119808]
Event: 268.609 Thread 0x000001ccd0457360 

Event: 277.284 Thread 0x000001ccd0457360  407       4       java.lang.AbstractStringBuilder::ensureCapacityInternal (39 bytes)
Event: 277.288 Thread 0x000001ccd0457360 

Event: 277.288 Thread 0x000001ccd0457360  408       4       org.eclipse.jdt.launching.internal.org.objectweb.asm.ClassReader::readUtf (161 bytes)
Event: 277.297 Thread 0x000001ccd0457360 nmethod 408 0x000001ccbc5e0790 code [0x000001ccbc5e0940, 0x000001ccbc5e1548]

GC Heap History (0 events):
No events

Deoptimization events (20 events):
Event: 0.186 Thread 0x000001ccad36b800 DEOPT PACKING pc=0x000001ccb50fbe67 sp=0x0000009bf25f7f60
Event: 0.186 Thread 0x000001ccad36b800 DEOPT UNPACKING pc=0x000001ccb4b3dece sp=0x0000009bf25f73c8 mode 0
Event: 0.187 Thread 0x000001ccad36b800 DEOPT PACKING pc=0x000001ccb50fbe67 sp=0x0000009bf25f7f60
Event: 0.187 Thread 0x000001ccad36b800 DEOPT UNPACKING pc=0x000001ccb4b3dece sp=0x0000009bf25f73c8 mode 0
Event: 0.187 Thread 0x000001ccad36b800 DEOPT PACKING pc=0x000001ccb50fbe67 sp=0x0000009bf25f7f60
Event: 0.187 Thread 0x000001ccad36b800 DEOPT UNPACKING pc=0x000001ccb4b3dece sp=0x0000009bf25f73c8 mode 0
Event: 0.187 Thread 0x000001ccad36b800 DEOPT PACKING pc=0x000001ccb50fbe67 sp=0x0000009bf25f7f60
Event: 0.187 Thread 0x000001ccad36b800 DEOPT UNPACKING pc=0x000001ccb4b3dece sp=0x0000009bf25f73c8 mode 0
Event: 0.188 Thread 0x000001ccad36b800 DEOPT PACKING pc=0x000001ccb50fbe67 sp=0x0000009bf25fb990
Event: 0.188 Thread 0x000001ccad36b800 DEOPT UNPACKING pc=0x000001ccb4b3dece sp=0x0000009bf25fadf8 mode 0
Event: 0.188 Thread 0x000001ccad36b800 DEOPT PACKING pc=0x000001ccb50fbe67 sp=0x0000009bf25fb990
Event: 0.188 Thread 0x000001ccad36b800 DEOPT UNPACKING pc=0x000001ccb4b3dece sp=0x0000009bf25fadf8 mode 0
Event: 0.189 Thread 0x000001ccad36b800 DEOPT PACKING pc=0x000001ccb50fbe67 sp=0x0000009bf25f7ee0
Event: 0.189 Thread 0x000001ccad36b800 DEOPT UNPACKING pc=0x000001ccb4b3dece sp=0x0000009bf25f7348 mode 0
Event: 0.190 Thread 0x000001ccad36b800 DEOPT PACKING pc=0x000001ccb50fbe67 sp=0x0000009bf25fb8c0
Event: 0.190 Thread 0x000001ccad36b800 DEOPT UNPACKING pc=0x000001ccb4b3dece sp=0x0000009bf25fad28 mode 0
Event: 0.194 Thread 0x000001ccad36b800 DEOPT PACKING pc=0x000001ccb50fbe67 sp=0x0000009bf25f7b50
Event: 0.194 Thread 0x000001ccad36b800 DEOPT UNPACKING pc=0x000001ccb4b3dece sp=0x0000009bf25f6fb8 mode 0
Event: 0.194 Thread 0x000001ccad36b800 DEOPT PACKING pc=0x000001ccb50fbe67 sp=0x0000009bf25f7b50
Event: 0.194 Thread 0x000001ccad36b800 DEOPT UNPACKING pc=0x000001ccb4b3dece sp=0x0000009bf25f6fb8 mode 0

Classes unloaded (0 events):
No events

Classes redefined (6 events):
Event: 167.977 Thread 0x000001ccd04328b0 redefined class name=Compatibility, count=1
Event: 200.480 Thread 0x000001ccd04328b0 redefined class name=Compatibility, count=2
Event: 218.650 Thread 0x000001ccd04328b0 redefined class name=Compatibility, count=3
Event: 268.600 Thread 0x000001ccd04328b0 redefined class name=Compatibility, count=4
Event: 277.285 Thread 0x000001ccd04328b0 redefined class name=Compatibility, count=5
Event: 290.576 Thread 0x000001ccd04328b0 redefined class name=Compatibility, count=6

Internal exceptions (1 events):
Event: 0.171 Thread 0x000001ccad36b800 Exception <a 'java/lang/NoSuchMethodError'{0x00000007109d6058}: 'java.lang.Object java.lang.invoke.DirectMethodHandle$Holder.invokeStatic(java.lang.Object)'> (0x00000007109d6058) 
thrown [t:\workspace\open\src\hotspot\share\interpreter\linkResolver.cpp, line 790]

Events (20 events):
Event: 268.601 Executing  VM operation: RedefineClasses done
Event: 268.604 Executing  VM operation: ChangeBreakpoints
Event: 268.604 Executing  VM operation: ChangeBreakpoints done
Event: 268.604 Executing  VM operation: ChangeBreakpoints
Event: 268.604 Executing  VM operation: ChangeBreakpoints done
Event: 277.285 Executing  VM operation: RedefineClasses
Event: 277.286 Executing  VM operation: RedefineClasses done
Event: 277.290 Executing  VM operation: ChangeBreakpoints
Event: 277.290 Executing  VM operation: ChangeBreakpoints done
Event: 277.290 Executing  VM operation: ChangeBreakpoints
Event: 277.290 Executing  VM operation: ChangeBreakpoints done
Event: 290.575 Executing  VM operation: RedefineClasses
Event: 290.577 Executing  VM operation: RedefineClasses done
Event: 290.579 Executing  VM operation: ChangeBreakpoints
Event: 290.579 Executing  VM operation: ChangeBreakpoints done
Event: 290.579 Executing  VM operation: ChangeBreakpoints
Event: 290.580 Executing  VM operation: ChangeBreakpoints done
Event: 295.437 Executing  VM operation: ChangeSingleStep
Event: 295.437 Executing  VM operation: ChangeSingleStep done
Event: 295.438 Executing  VM operation: get/set locals


Dynamic libraries:
0x00007ff732e20000 - 0x00007ff732e30000 	C:\Program Files\Java\jdk-16.0.1\bin\javaw.exe
0x00007ff829410000 - 0x00007ff829605000 	C:\Windows\SYSTEM32\ntdll.dll
0x00007ff827dc0000 - 0x00007ff827e7e000 	C:\Windows\System32\KERNEL32.DLL
0x00007ff826ea0000 - 0x00007ff827168000 	C:\Windows\System32\KERNELBASE.dll
0x00007ff826d40000 - 0x00007ff826e40000 	C:\Windows\System32\ucrtbase.dll
0x00007ff80f650000 - 0x00007ff80f669000 	C:\Program Files\Java\jdk-16.0.1\bin\VCRUNTIME140.dll
0x00007ff80f710000 - 0x00007ff80f728000 	C:\Program Files\Java\jdk-16.0.1\bin\jli.dll
0x00007ff827e80000 - 0x00007ff827f2c000 	C:\Windows\System32\ADVAPI32.dll
0x00007ff829120000 - 0x00007ff8291be000 	C:\Windows\System32\msvcrt.dll
0x00007ff8286a0000 - 0x00007ff82873b000 	C:\Windows\System32\sechost.dll
0x00007ff827ae0000 - 0x00007ff827c0a000 	C:\Windows\System32\RPCRT4.dll
0x00007ff827f40000 - 0x00007ff8280e1000 	C:\Windows\System32\USER32.dll
0x00007ff815420000 - 0x00007ff8156ba000 	C:\Windows\WinSxS\amd64_microsoft.windows.common-controls_6595b64144ccf1df_6.0.19041.1110_none_60b5254171f9507e\COMCTL32.dll
0x00007ff826bd0000 - 0x00007ff826bf2000 	C:\Windows\System32\win32u.dll
0x00007ff828740000 - 0x00007ff82876b000 	C:\Windows\System32\GDI32.dll
0x00007ff826c30000 - 0x00007ff826d3b000 	C:\Windows\System32\gdi32full.dll
0x00007ff826b30000 - 0x00007ff826bcd000 	C:\Windows\System32\msvcp_win.dll
0x00007ff81b6c0000 - 0x00007ff81b6ca000 	C:\Windows\SYSTEM32\VERSION.dll
0x00007ff8293a0000 - 0x00007ff8293d0000 	C:\Windows\System32\IMM32.DLL
0x00007ff818190000 - 0x00007ff81819c000 	C:\Program Files\Java\jdk-16.0.1\bin\vcruntime140_1.dll
0x00007ff80bd00000 - 0x00007ff80bd91000 	C:\Program Files\Java\jdk-16.0.1\bin\msvcp140.dll
0x00007fff8fbf0000 - 0x00007fff9079b000 	C:\Program Files\Java\jdk-16.0.1\bin\server\jvm.dll
0x00007ff827f30000 - 0x00007ff827f38000 	C:\Windows\System32\PSAPI.DLL
0x00007ff819860000 - 0x00007ff819887000 	C:\Windows\SYSTEM32\WINMM.dll
0x00007ff8178d0000 - 0x00007ff8178d9000 	C:\Windows\SYSTEM32\WSOCK32.dll
0x00007ff828630000 - 0x00007ff82869b000 	C:\Windows\System32\WS2_32.dll
0x00007ff824a50000 - 0x00007ff824a62000 	C:\Windows\SYSTEM32\kernel.appcore.dll
0x00007ff8194b0000 - 0x00007ff8194ba000 	C:\Program Files\Java\jdk-16.0.1\bin\jimage.dll
0x00007ff820890000 - 0x00007ff820a74000 	C:\Windows\SYSTEM32\DBGHELP.DLL
0x00007ff81f8e0000 - 0x00007ff81f90c000 	C:\Windows\SYSTEM32\dbgcore.DLL
0x00007ff827380000 - 0x00007ff827403000 	C:\Windows\System32\bcryptPrimitives.dll
0x00007ff80be00000 - 0x00007ff80be3b000 	C:\Program Files\Java\jdk-16.0.1\bin\jdwp.dll
0x00007ff80f610000 - 0x00007ff80f61e000 	C:\Program Files\Java\jdk-16.0.1\bin\instrument.dll
0x00007ff816710000 - 0x00007ff816735000 	C:\Program Files\Java\jdk-16.0.1\bin\java.dll
0x00007ff828840000 - 0x00007ff828f7f000 	C:\Windows\System32\SHELL32.dll
0x00007ff824c50000 - 0x00007ff8253e0000 	C:\Windows\SYSTEM32\windows.storage.dll
0x00007ff827460000 - 0x00007ff8277b5000 	C:\Windows\System32\combase.dll
0x00007ff826580000 - 0x00007ff8265ae000 	C:\Windows\SYSTEM32\Wldp.dll
0x00007ff829070000 - 0x00007ff82911d000 	C:\Windows\System32\SHCORE.dll
0x00007ff8285d0000 - 0x00007ff828625000 	C:\Windows\System32\shlwapi.dll
0x00007ff826a70000 - 0x00007ff826a8f000 	C:\Windows\SYSTEM32\profapi.dll
0x00007ff80eff0000 - 0x00007ff80effc000 	C:\Program Files\Java\jdk-16.0.1\bin\dt_socket.dll
0x00007ff825f80000 - 0x00007ff825fbb000 	C:\Windows\SYSTEM32\IPHLPAPI.DLL
0x00007ff8262e0000 - 0x00007ff82634a000 	C:\Windows\system32\mswsock.dll
0x00007ff825fd0000 - 0x00007ff82609b000 	C:\Windows\SYSTEM32\DNSAPI.dll
0x00007ff829060000 - 0x00007ff829068000 	C:\Windows\System32\NSI.dll
0x00007ff8204a0000 - 0x00007ff8204aa000 	C:\Windows\System32\rasadhlp.dll
0x00007ff81d670000 - 0x00007ff81d6ef000 	C:\Windows\System32\fwpuclnt.dll
0x00007ff826c00000 - 0x00007ff826c27000 	C:\Windows\System32\bcrypt.dll
0x00007ff8123c0000 - 0x00007ff8123d8000 	C:\Program Files\Java\jdk-16.0.1\bin\zip.dll
0x00007ff812400000 - 0x00007ff812419000 	C:\Program Files\Java\jdk-16.0.1\bin\net.dll
0x00007ff81e340000 - 0x00007ff81e44c000 	C:\Windows\SYSTEM32\WINHTTP.dll
0x00007ff8123e0000 - 0x00007ff8123f3000 	C:\Program Files\Java\jdk-16.0.1\bin\nio.dll
0x00007ff8194a0000 - 0x00007ff8194b0000 	C:\Program Files\Java\jdk-16.0.1\bin\verify.dll

dbghelp: loaded successfully - version: 4.0.5 - missing functions: none
symbol engine: initialized successfully - sym options: 0x614 - pdb path: .;C:\Program Files\Java\jdk-16.0.1\bin;C:\Windows\SYSTEM32;C:\Windows\WinSxS\amd64_microsoft.windows.common-controls_6595b64144ccf1df_6.0.19041.1110_none_60b5254171f9507e;C:\Program Files\Java\jdk-16.0.1\bin\server

VM Arguments:
jvm_args: -XX:+ShowCodeDetailsInExceptionMessages -agentlib:jdwp=transport=dt_socket,suspend=y,address=localhost:62122 -javaagent:C:\Users\bryce\eclipse\java-2021-03\eclipse\configuration\org.eclipse.osgi\222\0\.cp\lib\javaagent-shaded.jar -Dfile.encoding=Cp1252 
java_command: Test21
java_class_path (initial): C:\Users\bryce\OneDrive\CSCMatch2020\bin
Launcher Type: SUN_STANDARD

[Global flags]
     intx CICompilerCount                          = 4                                         {product} {ergonomic}
     uint ConcGCThreads                            = 3                                         {product} {ergonomic}
     uint G1ConcRefinementThreads                  = 10                                        {product} {ergonomic}
   size_t G1HeapRegionSize                         = 2097152                                   {product} {ergonomic}
    uintx GCDrainStackTargetSize                   = 64                                        {product} {ergonomic}
   size_t InitialHeapSize                          = 268435456                                 {product} {ergonomic}
   size_t MarkStackSize                            = 4194304                                   {product} {ergonomic}
   size_t MaxHeapSize                              = 4282384384                                {product} {ergonomic}
   size_t MaxNewSize                               = 2569011200                                {product} {ergonomic}
   size_t MinHeapDeltaBytes                        = 2097152                                   {product} {ergonomic}
   size_t MinHeapSize                              = 8388608                                   {product} {ergonomic}
    uintx NonNMethodCodeHeapSize                   = 5839372                                {pd product} {ergonomic}
    uintx NonProfiledCodeHeapSize                  = 122909434                              {pd product} {ergonomic}
    uintx ProfiledCodeHeapSize                     = 122909434                              {pd product} {ergonomic}
    uintx ReservedCodeCacheSize                    = 251658240                              {pd product} {ergonomic}
     bool SegmentedCodeCache                       = true                                      {product} {ergonomic}
     bool ShowCodeDetailsInExceptionMessages       = true                                   {manageable} {command line}
   size_t SoftMaxHeapSize                          = 4282384384                             {manageable} {ergonomic}
     bool UseCompressedClassPointers               = true                           {product lp64_product} {ergonomic}
     bool UseCompressedOops                        = true                           {product lp64_product} {ergonomic}
     bool UseG1GC                                  = true                                      {product} {ergonomic}
     bool UseLargePagesIndividualAllocation        = false                                  {pd product} {ergonomic}

Logging:
Log output configuration:
 #0: stdout all=warning uptime,level,tags
 #1: stderr all=off uptime,level,tags

Environment Variables:
PATH=C:/Program Files/Java/jdk-16.0.1/bin/server;C:/Program Files/Java/jdk-16.0.1/bin;C:\Python310\Scripts\;C:\Python310\;C:\Python39\Scripts\;C:\Python39\;C:\Program Files\Common Files\Oracle\Java\javapath;C:\Windows\system32;C:\Windows;C:\Windows\System32\Wbem;C:\Windows\System32\WindowsPowerShell\v1.0\;C:\Windows\System32\OpenSSH\;C:\Program Files\Intel\WiFi\bin\;C:\Program Files\Common Files\Intel\WirelessCommon\;C:\Program Files\Microsoft SQL Server\130\Tools\Binn\;C:\Program Files\Microsoft SQL Server\Client SDK\ODBC\170\Tools\Binn\;C:\Program Files\MySQL\MySQL Server 8.0\bin;C:\Program Files\Calibre2\;C:\Program Files\Git\cmd;C:\ProgramData\chocolatey\bin;C:\Program Files\dotnet\;C:\Program Files\nodejs\;C:\Users\bryce\AppData\Local\Microsoft\WindowsApps;C:\Program Files\Intel\WiFi\bin\;C:\Program Files\Common Files\Intel\WirelessCommon\;C:\Users\bryce\AppData\Local\Programs\Microsoft VS Code\bin;C:\Users\bryce\.dotnet\tools;C:\Users\bryce\AppData\Roaming\npm;C:\Users\bryce\eclipse\java-2021-03\eclipse;
USERNAME=bryce
OS=Windows_NT
PROCESSOR_IDENTIFIER=AMD64 Family 23 Model 113 Stepping 0, AuthenticAMD



---------------  S Y S T E M  ---------------

OS:
 Windows 10 , 64 bit Build 19041 (10.0.19041.1348)
OS uptime: 5 days 21:26 hours

CPU: total 12 (initial active 12) (12 cores per cpu, 2 threads per core) family 23 model 113 stepping 0 microcode 0x0, cx8, cmov, fxsr, ht, mmx, 3dnowpref, sse, sse2, sse3, ssse3, sse4a, sse4.1, sse4.2, popcnt, lzcnt, tsc, tscinvbit, avx, avx2, aes, clmul, bmi1, bmi2, adx, sha, fma, vzeroupper, clflush, clflushopt

Memory: 4k page, system-wide physical 16334M (7713M free)
TotalPageFile size 37838M (AvailPageFile size 21254M)
current process WorkingSet (physical memory assigned to process): 42M, peak: 43M
current process commit charge ("private bytes"): 351M, peak: 352M

vm_info: Java HotSpot(TM) 64-Bit Server VM (16.0.1+9-24) for windows-amd64 JRE (16.0.1+9-24), built on Mar 26 2021 19:31:42 by "mach5one" with MS VC++ 16.7 (VS2019)

END.
